<?xml version="1.0" encoding="UTF-8"?>
<!-- Generated by org.testng.reporters.JUnitReportReporter -->
<testsuite hostname="DESKTOP-7IBSP58" failures="0" tests="1" name="com.ecommerence.testcases.TC_006_SearchProduct" time="32.404" errors="0" timestamp="2022-07-27T20:02:16 IST" skipped="0">
  <testcase classname="com.ecommerence.testcases.TC_006_SearchProduct" name="product_search" time="32.404"/>
  <system-out/>
</testsuite> <!-- com.ecommerence.testcases.TC_006_SearchProduct -->
