<?xml version="1.0" encoding="UTF-8"?>
<!-- Generated by org.testng.reporters.JUnitReportReporter -->
<testsuite hostname="DESKTOP-7IBSP58" failures="0" tests="1" name="com.ecommerence.testcases.TC_001_loginTestcase" time="9.658" errors="0" timestamp="2022-07-08T18:58:27 IST" skipped="0">
  <testcase classname="com.ecommerence.testcases.TC_001_loginTestcase" name="login" time="9.658"/>
  <system-out/>
</testsuite> <!-- com.ecommerence.testcases.TC_001_loginTestcase -->
