<?xml version="1.0" encoding="UTF-8"?>
<!-- Generated by org.testng.reporters.JUnitReportReporter -->
<testsuite hostname="DESKTOP-7IBSP58" failures="0" tests="1" name="com.ecommerence.testcases.TC_005_PurchasingTV" time="34.606" errors="0" timestamp="2022-08-17T17:07:35 IST" skipped="0">
  <testcase classname="com.ecommerence.testcases.TC_005_PurchasingTV" name="TV_buying" time="34.606"/>
  <system-out/>
</testsuite> <!-- com.ecommerence.testcases.TC_005_PurchasingTV -->
