<?xml version="1.0" encoding="UTF-8"?>
<!-- Generated by org.testng.reporters.JUnitReportReporter -->
<testsuite hostname="DESKTOP-7IBSP58" failures="0" tests="1" name="com.ecommerence.testcases.TC_002_CreateLoginTestcase" time="8.299" errors="0" timestamp="2022-07-12T10:57:40 IST" skipped="0">
  <testcase classname="com.ecommerence.testcases.TC_002_CreateLoginTestcase" name="createlogin" time="8.299"/>
  <system-out/>
</testsuite> <!-- com.ecommerence.testcases.TC_002_CreateLoginTestcase -->
