<?xml version="1.0" encoding="UTF-8"?>
<!-- Generated by org.testng.reporters.JUnitReportReporter -->
<testsuite hostname="DESKTOP-7IBSP58" failures="0" tests="1" name="com.ecommerence.testcases.TC_004_PurchasingMobile" time="31.689" errors="0" timestamp="2022-07-27T20:02:16 IST" skipped="0">
  <testcase classname="com.ecommerence.testcases.TC_004_PurchasingMobile" name="mobile_buying" time="31.689"/>
  <system-out/>
</testsuite> <!-- com.ecommerence.testcases.TC_004_PurchasingMobile -->
