<?xml version="1.0" encoding="UTF-8"?>
<!-- Generated by org.testng.reporters.JUnitReportReporter -->
<testsuite hostname="DESKTOP-7IBSP58" failures="0" tests="1" name="com.ecommerence.testcases.TC_008_VerifyDashboard" time="12.983" errors="0" timestamp="2022-07-20T20:11:51 IST" skipped="0">
  <testcase classname="com.ecommerence.testcases.TC_008_VerifyDashboard" name="VerifyDashboard" time="12.983"/>
  <system-out/>
</testsuite> <!-- com.ecommerence.testcases.TC_008_VerifyDashboard -->
