<?xml version="1.0" encoding="UTF-8"?>
<!-- Generated by org.testng.reporters.JUnitReportReporter -->
<testsuite hostname="DESKTOP-7IBSP58" failures="0" tests="1" name="com.ecommerence.testcases.TC_006_SearchProduct" time="31.667" errors="0" timestamp="2022-07-18T16:38:11 IST" skipped="0">
  <testcase classname="com.ecommerence.testcases.TC_006_SearchProduct" name="product_search" time="31.667"/>
  <system-out/>
</testsuite> <!-- com.ecommerence.testcases.TC_006_SearchProduct -->
