<?xml version="1.0" encoding="UTF-8"?>
<!-- Generated by org.testng.reporters.JUnitReportReporter -->
<testsuite hostname="DESKTOP-7IBSP58" failures="0" tests="1" name="com.ecommerence.testcases.TC_004_PurchasingMobile" time="30.248" errors="0" timestamp="2022-07-18T13:27:16 IST" skipped="0">
  <testcase classname="com.ecommerence.testcases.TC_004_PurchasingMobile" name="mobile_buying" time="30.248"/>
  <system-out/>
</testsuite> <!-- com.ecommerence.testcases.TC_004_PurchasingMobile -->
